[debug] [2020-10-28T07:14:58.650Z] ----------------------------------------------------------------------
[debug] [2020-10-28T07:14:58.652Z] Command:       C:\Program Files\nodejs\node.exe C:\Users\hi\AppData\Roaming\npm\node_modules\firebase-tools\lib\bin\firebase.js init
[debug] [2020-10-28T07:14:58.652Z] CLI Version:   8.12.1
[debug] [2020-10-28T07:14:58.652Z] Platform:      win32
[debug] [2020-10-28T07:14:58.653Z] Node Version:  v14.11.0
[debug] [2020-10-28T07:14:58.654Z] Time:          Wed Oct 28 2020 16:14:58 GMT+0900 (대한민국 표준시)
[debug] [2020-10-28T07:14:58.654Z] ----------------------------------------------------------------------
[debug] [2020-10-28T07:14:58.654Z] 
[debug] [2020-10-28T07:14:58.669Z] > command requires scopes: ["email","openid","https://www.googleapis.com/auth/cloudplatformprojects.readonly","https://www.googleapis.com/auth/firebase","https://www.googleapis.com/auth/cloud-platform"]
[debug] [2020-10-28T07:14:58.670Z] > authorizing via signed-in user
[info] 
     ######## #### ########  ######## ########     ###     ######  ########
     ##        ##  ##     ## ##       ##     ##  ##   ##  ##       ##
     ######    ##  ########  ######   ########  #########  ######  ######
     ##        ##  ##    ##  ##       ##     ## ##     ##       ## ##
     ##       #### ##     ## ######## ########  ##     ##  ######  ########

You're about to initialize a Firebase project in this directory:

  C:\Users\hi\Documents\sol\sol-portfolio

[info] 
=== Project Setup
[info] 
[info] First, let's associate this project directory with a Firebase project.
[info] You can create multiple project aliases by running firebase use --add, 
[info] but for now we'll just set up a default project.
[info] 
[info] i  If you want to create a project in a Google Cloud organization or folder, please use "firebase projects:create" instead, and return to this command when you've created the project. 
